<?xml version="1.0" encoding="UTF-8"?>
<testsuite xmlns:xsi="http://www.w3.org/2001/XMLSchema-instance" xsi:noNamespaceSchemaLocation="https://maven.apache.org/surefire/maven-surefire-plugin/xsd/surefire-test-report.xsd" name="com.flink.AppTest" time="0.197" tests="1" errors="0" skipped="0" failures="0">
  <properties>
    <property name="java.specification.version" value="14"/>
    <property name="sun.cpu.isalist" value="amd64"/>
    <property name="sun.jnu.encoding" value="Cp1256"/>
    <property name="java.class.path" value="C:\Users\ginger\Downloads\ctianalytics-main\ctianalytics-main\flink\flink-mvn\flink_app\target\test-classes;C:\Users\ginger\Downloads\ctianalytics-main\ctianalytics-main\flink\flink-mvn\flink_app\target\classes;C:\Users\ginger\.m2\repository\junit\junit\4.11\junit-4.11.jar;C:\Users\ginger\.m2\repository\org\hamcrest\hamcrest-core\1.3\hamcrest-core-1.3.jar;C:\Users\ginger\.m2\repository\org\apache\flink\flink-streaming-java_2.11\1.13.6\flink-streaming-java_2.11-1.13.6.jar;C:\Users\ginger\.m2\repository\org\apache\flink\flink-core\1.13.6\flink-core-1.13.6.jar;C:\Users\ginger\.m2\repository\org\apache\flink\flink-annotations\1.13.6\flink-annotations-1.13.6.jar;C:\Users\ginger\.m2\repository\org\apache\flink\flink-metrics-core\1.13.6\flink-metrics-core-1.13.6.jar;C:\Users\ginger\.m2\repository\org\apache\flink\flink-shaded-asm-7\7.1-13.0\flink-shaded-asm-7-7.1-13.0.jar;C:\Users\ginger\.m2\repository\org\apache\commons\commons-lang3\3.3.2\commons-lang3-3.3.2.jar;C:\Users\ginger\.m2\repository\com\esotericsoftware\kryo\kryo\2.24.0\kryo-2.24.0.jar;C:\Users\ginger\.m2\repository\com\esotericsoftware\minlog\minlog\1.2\minlog-1.2.jar;C:\Users\ginger\.m2\repository\org\objenesis\objenesis\2.1\objenesis-2.1.jar;C:\Users\ginger\.m2\repository\commons-collections\commons-collections\3.2.2\commons-collections-3.2.2.jar;C:\Users\ginger\.m2\repository\org\apache\commons\commons-compress\1.21\commons-compress-1.21.jar;C:\Users\ginger\.m2\repository\org\apache\flink\flink-file-sink-common\1.13.6\flink-file-sink-common-1.13.6.jar;C:\Users\ginger\.m2\repository\org\apache\flink\flink-runtime_2.11\1.13.6\flink-runtime_2.11-1.13.6.jar;C:\Users\ginger\.m2\repository\org\apache\flink\flink-queryable-state-client-java\1.13.6\flink-queryable-state-client-java-1.13.6.jar;C:\Users\ginger\.m2\repository\org\apache\flink\flink-hadoop-fs\1.13.6\flink-hadoop-fs-1.13.6.jar;C:\Users\ginger\.m2\repository\commons-io\commons-io\2.8.0\commons-io-2.8.0.jar;C:\Users\ginger\.m2\repository\org\apache\flink\flink-shaded-netty\4.1.49.Final-13.0\flink-shaded-netty-4.1.49.Final-13.0.jar;C:\Users\ginger\.m2\repository\org\apache\flink\flink-shaded-jackson\2.12.1-13.0\flink-shaded-jackson-2.12.1-13.0.jar;C:\Users\ginger\.m2\repository\org\apache\flink\flink-shaded-zookeeper-3\3.4.14-13.0\flink-shaded-zookeeper-3-3.4.14-13.0.jar;C:\Users\ginger\.m2\repository\commons-cli\commons-cli\1.3.1\commons-cli-1.3.1.jar;C:\Users\ginger\.m2\repository\org\javassist\javassist\3.24.0-GA\javassist-3.24.0-GA.jar;C:\Users\ginger\.m2\repository\org\scala-lang\scala-library\2.11.12\scala-library-2.11.12.jar;C:\Users\ginger\.m2\repository\com\typesafe\akka\akka-actor_2.11\2.5.21\akka-actor_2.11-2.5.21.jar;C:\Users\ginger\.m2\repository\com\typesafe\config\1.3.3\config-1.3.3.jar;C:\Users\ginger\.m2\repository\org\scala-lang\modules\scala-java8-compat_2.11\0.7.0\scala-java8-compat_2.11-0.7.0.jar;C:\Users\ginger\.m2\repository\com\typesafe\akka\akka-stream_2.11\2.5.21\akka-stream_2.11-2.5.21.jar;C:\Users\ginger\.m2\repository\org\reactivestreams\reactive-streams\1.0.2\reactive-streams-1.0.2.jar;C:\Users\ginger\.m2\repository\com\typesafe\ssl-config-core_2.11\0.3.7\ssl-config-core_2.11-0.3.7.jar;C:\Users\ginger\.m2\repository\org\scala-lang\modules\scala-parser-combinators_2.11\1.1.1\scala-parser-combinators_2.11-1.1.1.jar;C:\Users\ginger\.m2\repository\com\typesafe\akka\akka-protobuf_2.11\2.5.21\akka-protobuf_2.11-2.5.21.jar;C:\Users\ginger\.m2\repository\com\typesafe\akka\akka-slf4j_2.11\2.5.21\akka-slf4j_2.11-2.5.21.jar;C:\Users\ginger\.m2\repository\org\clapper\grizzled-slf4j_2.11\1.3.2\grizzled-slf4j_2.11-1.3.2.jar;C:\Users\ginger\.m2\repository\com\github\scopt\scopt_2.11\3.5.0\scopt_2.11-3.5.0.jar;C:\Users\ginger\.m2\repository\org\xerial\snappy\snappy-java\1.1.8.3\snappy-java-1.1.8.3.jar;C:\Users\ginger\.m2\repository\com\twitter\chill_2.11\0.7.6\chill_2.11-0.7.6.jar;C:\Users\ginger\.m2\repository\com\twitter\chill-java\0.7.6\chill-java-0.7.6.jar;C:\Users\ginger\.m2\repository\org\lz4\lz4-java\1.6.0\lz4-java-1.6.0.jar;C:\Users\ginger\.m2\repository\org\apache\flink\flink-java\1.13.6\flink-java-1.13.6.jar;C:\Users\ginger\.m2\repository\org\apache\flink\flink-shaded-guava\18.0-13.0\flink-shaded-guava-18.0-13.0.jar;C:\Users\ginger\.m2\repository\org\apache\commons\commons-math3\3.5\commons-math3-3.5.jar;C:\Users\ginger\.m2\repository\com\google\code\findbugs\jsr305\1.3.9\jsr305-1.3.9.jar;C:\Users\ginger\.m2\repository\org\apache\flink\force-shading\1.13.6\force-shading-1.13.6.jar;C:\Users\ginger\.m2\repository\org\apache\flink\flink-connector-kafka\1.16.0\flink-connector-kafka-1.16.0.jar;C:\Users\ginger\.m2\repository\org\apache\flink\flink-connector-base\1.16.0\flink-connector-base-1.16.0.jar;C:\Users\ginger\.m2\repository\org\apache\kafka\kafka-clients\3.2.3\kafka-clients-3.2.3.jar;C:\Users\ginger\.m2\repository\com\github\luben\zstd-jni\1.5.2-1\zstd-jni-1.5.2-1.jar;C:\Users\ginger\.m2\repository\org\apache\flink\flink-shaded-force-shading\15.0\flink-shaded-force-shading-15.0.jar;C:\Users\ginger\.m2\repository\org\slf4j\slf4j-api\1.7.5\slf4j-api-1.7.5.jar;"/>
    <property name="java.vm.vendor" value="Oracle Corporation"/>
    <property name="sun.arch.data.model" value="64"/>
    <property name="user.variant" value=""/>
    <property name="java.vendor.url" value="https://java.oracle.com/"/>
    <property name="user.timezone" value="Europe/Budapest"/>
    <property name="os.name" value="Windows 10"/>
    <property name="java.vm.specification.version" value="14"/>
    <property name="sun.java.launcher" value="SUN_STANDARD"/>
    <property name="user.country" value="US"/>
    <property name="sun.boot.library.path" value="C:\Program Files\Java\jdk-14\bin"/>
    <property name="sun.java.command" value="C:\Users\ginger\AppData\Local\Temp\surefire14749556591915267811\surefirebooter9596709242609219433.jar C:\Users\ginger\AppData\Local\Temp\surefire14749556591915267811 2022-11-19T15-16-53_831-jvmRun1 surefire14251332951042165081tmp surefire_06819979742986981972tmp"/>
    <property name="jdk.debug" value="release"/>
    <property name="surefire.test.class.path" value="C:\Users\ginger\Downloads\ctianalytics-main\ctianalytics-main\flink\flink-mvn\flink_app\target\test-classes;C:\Users\ginger\Downloads\ctianalytics-main\ctianalytics-main\flink\flink-mvn\flink_app\target\classes;C:\Users\ginger\.m2\repository\junit\junit\4.11\junit-4.11.jar;C:\Users\ginger\.m2\repository\org\hamcrest\hamcrest-core\1.3\hamcrest-core-1.3.jar;C:\Users\ginger\.m2\repository\org\apache\flink\flink-streaming-java_2.11\1.13.6\flink-streaming-java_2.11-1.13.6.jar;C:\Users\ginger\.m2\repository\org\apache\flink\flink-core\1.13.6\flink-core-1.13.6.jar;C:\Users\ginger\.m2\repository\org\apache\flink\flink-annotations\1.13.6\flink-annotations-1.13.6.jar;C:\Users\ginger\.m2\repository\org\apache\flink\flink-metrics-core\1.13.6\flink-metrics-core-1.13.6.jar;C:\Users\ginger\.m2\repository\org\apache\flink\flink-shaded-asm-7\7.1-13.0\flink-shaded-asm-7-7.1-13.0.jar;C:\Users\ginger\.m2\repository\org\apache\commons\commons-lang3\3.3.2\commons-lang3-3.3.2.jar;C:\Users\ginger\.m2\repository\com\esotericsoftware\kryo\kryo\2.24.0\kryo-2.24.0.jar;C:\Users\ginger\.m2\repository\com\esotericsoftware\minlog\minlog\1.2\minlog-1.2.jar;C:\Users\ginger\.m2\repository\org\objenesis\objenesis\2.1\objenesis-2.1.jar;C:\Users\ginger\.m2\repository\commons-collections\commons-collections\3.2.2\commons-collections-3.2.2.jar;C:\Users\ginger\.m2\repository\org\apache\commons\commons-compress\1.21\commons-compress-1.21.jar;C:\Users\ginger\.m2\repository\org\apache\flink\flink-file-sink-common\1.13.6\flink-file-sink-common-1.13.6.jar;C:\Users\ginger\.m2\repository\org\apache\flink\flink-runtime_2.11\1.13.6\flink-runtime_2.11-1.13.6.jar;C:\Users\ginger\.m2\repository\org\apache\flink\flink-queryable-state-client-java\1.13.6\flink-queryable-state-client-java-1.13.6.jar;C:\Users\ginger\.m2\repository\org\apache\flink\flink-hadoop-fs\1.13.6\flink-hadoop-fs-1.13.6.jar;C:\Users\ginger\.m2\repository\commons-io\commons-io\2.8.0\commons-io-2.8.0.jar;C:\Users\ginger\.m2\repository\org\apache\flink\flink-shaded-netty\4.1.49.Final-13.0\flink-shaded-netty-4.1.49.Final-13.0.jar;C:\Users\ginger\.m2\repository\org\apache\flink\flink-shaded-jackson\2.12.1-13.0\flink-shaded-jackson-2.12.1-13.0.jar;C:\Users\ginger\.m2\repository\org\apache\flink\flink-shaded-zookeeper-3\3.4.14-13.0\flink-shaded-zookeeper-3-3.4.14-13.0.jar;C:\Users\ginger\.m2\repository\commons-cli\commons-cli\1.3.1\commons-cli-1.3.1.jar;C:\Users\ginger\.m2\repository\org\javassist\javassist\3.24.0-GA\javassist-3.24.0-GA.jar;C:\Users\ginger\.m2\repository\org\scala-lang\scala-library\2.11.12\scala-library-2.11.12.jar;C:\Users\ginger\.m2\repository\com\typesafe\akka\akka-actor_2.11\2.5.21\akka-actor_2.11-2.5.21.jar;C:\Users\ginger\.m2\repository\com\typesafe\config\1.3.3\config-1.3.3.jar;C:\Users\ginger\.m2\repository\org\scala-lang\modules\scala-java8-compat_2.11\0.7.0\scala-java8-compat_2.11-0.7.0.jar;C:\Users\ginger\.m2\repository\com\typesafe\akka\akka-stream_2.11\2.5.21\akka-stream_2.11-2.5.21.jar;C:\Users\ginger\.m2\repository\org\reactivestreams\reactive-streams\1.0.2\reactive-streams-1.0.2.jar;C:\Users\ginger\.m2\repository\com\typesafe\ssl-config-core_2.11\0.3.7\ssl-config-core_2.11-0.3.7.jar;C:\Users\ginger\.m2\repository\org\scala-lang\modules\scala-parser-combinators_2.11\1.1.1\scala-parser-combinators_2.11-1.1.1.jar;C:\Users\ginger\.m2\repository\com\typesafe\akka\akka-protobuf_2.11\2.5.21\akka-protobuf_2.11-2.5.21.jar;C:\Users\ginger\.m2\repository\com\typesafe\akka\akka-slf4j_2.11\2.5.21\akka-slf4j_2.11-2.5.21.jar;C:\Users\ginger\.m2\repository\org\clapper\grizzled-slf4j_2.11\1.3.2\grizzled-slf4j_2.11-1.3.2.jar;C:\Users\ginger\.m2\repository\com\github\scopt\scopt_2.11\3.5.0\scopt_2.11-3.5.0.jar;C:\Users\ginger\.m2\repository\org\xerial\snappy\snappy-java\1.1.8.3\snappy-java-1.1.8.3.jar;C:\Users\ginger\.m2\repository\com\twitter\chill_2.11\0.7.6\chill_2.11-0.7.6.jar;C:\Users\ginger\.m2\repository\com\twitter\chill-java\0.7.6\chill-java-0.7.6.jar;C:\Users\ginger\.m2\repository\org\lz4\lz4-java\1.6.0\lz4-java-1.6.0.jar;C:\Users\ginger\.m2\repository\org\apache\flink\flink-java\1.13.6\flink-java-1.13.6.jar;C:\Users\ginger\.m2\repository\org\apache\flink\flink-shaded-guava\18.0-13.0\flink-shaded-guava-18.0-13.0.jar;C:\Users\ginger\.m2\repository\org\apache\commons\commons-math3\3.5\commons-math3-3.5.jar;C:\Users\ginger\.m2\repository\com\google\code\findbugs\jsr305\1.3.9\jsr305-1.3.9.jar;C:\Users\ginger\.m2\repository\org\apache\flink\force-shading\1.13.6\force-shading-1.13.6.jar;C:\Users\ginger\.m2\repository\org\apache\flink\flink-connector-kafka\1.16.0\flink-connector-kafka-1.16.0.jar;C:\Users\ginger\.m2\repository\org\apache\flink\flink-connector-base\1.16.0\flink-connector-base-1.16.0.jar;C:\Users\ginger\.m2\repository\org\apache\kafka\kafka-clients\3.2.3\kafka-clients-3.2.3.jar;C:\Users\ginger\.m2\repository\com\github\luben\zstd-jni\1.5.2-1\zstd-jni-1.5.2-1.jar;C:\Users\ginger\.m2\repository\org\apache\flink\flink-shaded-force-shading\15.0\flink-shaded-force-shading-15.0.jar;C:\Users\ginger\.m2\repository\org\slf4j\slf4j-api\1.7.5\slf4j-api-1.7.5.jar;"/>
    <property name="sun.cpu.endian" value="little"/>
    <property name="user.home" value="C:\Users\ginger"/>
    <property name="user.language" value="en"/>
    <property name="java.specification.vendor" value="Oracle Corporation"/>
    <property name="java.version.date" value="2020-03-17"/>
    <property name="java.home" value="C:\Program Files\Java\jdk-14"/>
    <property name="file.separator" value="\"/>
    <property name="basedir" value="C:\Users\ginger\Downloads\ctianalytics-main\ctianalytics-main\flink\flink-mvn\flink_app"/>
    <property name="java.vm.compressedOopsMode" value="32-bit"/>
    <property name="line.separator" value="&#10;"/>
    <property name="java.vm.specification.vendor" value="Oracle Corporation"/>
    <property name="java.specification.name" value="Java Platform API Specification"/>
    <property name="surefire.real.class.path" value="C:\Users\ginger\AppData\Local\Temp\surefire14749556591915267811\surefirebooter9596709242609219433.jar"/>
    <property name="user.script" value=""/>
    <property name="sun.management.compiler" value="HotSpot 64-Bit Tiered Compilers"/>
    <property name="java.runtime.version" value="14+36-1461"/>
    <property name="user.name" value="ginger"/>
    <property name="path.separator" value=";"/>
    <property name="os.version" value="10.0"/>
    <property name="java.runtime.name" value="Java(TM) SE Runtime Environment"/>
    <property name="file.encoding" value="Cp1252"/>
    <property name="java.vm.name" value="Java HotSpot(TM) 64-Bit Server VM"/>
    <property name="localRepository" value="C:\Users\ginger\.m2\repository"/>
    <property name="java.vendor.url.bug" value="https://bugreport.java.com/bugreport/"/>
    <property name="java.io.tmpdir" value="C:\Users\ginger\AppData\Local\Temp\"/>
    <property name="java.version" value="14"/>
    <property name="user.dir" value="C:\Users\ginger\Downloads\ctianalytics-main\ctianalytics-main\flink\flink-mvn\flink_app"/>
    <property name="os.arch" value="amd64"/>
    <property name="java.vm.specification.name" value="Java Virtual Machine Specification"/>
    <property name="sun.os.patch.level" value=""/>
    <property name="java.library.path" value="C:\Program Files\Java\jdk-14\bin;C:\WINDOWS\Sun\Java\bin;C:\WINDOWS\system32;C:\WINDOWS;C:\app\ginger\product\18.0.0\dbhomeXE\bin;C:\Python27\;C:\Python27\Scripts;C:\Program Files (x86)\Python38-32\Scripts\;C:\Program Files (x86)\Python38-32\;C:\Program Files (x86)\NVIDIA Corporation\PhysX\Common;C:\Program Files (x86)\Common Files\Oracle\Java\javapath;C:\WINDOWS\system32;C:\WINDOWS;C:\WINDOWS\System32\Wbem;C:\WINDOWS\System32\WindowsPowerShell\v1.0\;C:\WINDOWS\System32\OpenSSH\;C:\flutter\bin;C:\Users\ginger\AppData\Local\Android\Sdk\tools\bin;C:\Program Files\PuTTY\;C:\Program Files\Git\cmd;C:\apache-maven-3.8.4-bin\apache-maven-3.8.4\bin;C:\Program Files\Intel\WiFi\bin\;C:\Program Files\Common Files\Intel\WirelessCommon\;C:\Program Files\Docker\Docker\resources\bin;C:\ProgramData\DockerDesktop\version-bin;C:\Program Files\Graphviz\bin;C:\Users\ginger\AppData\Local\Programs\Python\Python310\Scripts\;C:\Users\ginger\AppData\Local\Programs\Python\Python310\;C:\Users\ginger\AppData\Local\Microsoft\WindowsApps;C:\Users\ginger\AppData\Local\Programs\Microsoft VS Code\bin;C:\flutter\bin;C:\Users\ginger\AppData\Local\Android\Sdk\tools\bin;C:\Users\ginger\AppData\Local\Programs\php;C:\Users\ginger\AppData\Local\Programs\composer;C:\Users\ginger\AppData\Local\Microsoft\WindowsApps;C:\Program Files\Intel\WiFi\bin\;C:\Program Files\Common Files\Intel\WirelessCommon\;C:\Program Files\Java\jdk-14\bin;;."/>
    <property name="java.vm.info" value="mixed mode, sharing"/>
    <property name="java.vendor" value="Oracle Corporation"/>
    <property name="java.vm.version" value="14+36-1461"/>
    <property name="sun.io.unicode.encoding" value="UnicodeLittle"/>
    <property name="java.class.version" value="58.0"/>
  </properties>
  <testcase name="shouldAnswerWithTrue" classname="com.flink.AppTest" time="0.004"/>
</testsuite>